<?xml version="1.0" encoding="UTF-8"?>
<!-- Generated by org.testng.reporters.JUnitReportReporter -->
<testsuite hostname="DESKTOP-VO6VRJI" failures="0" tests="2" name="uiAutomationScripts.VerifySearchFunctionality" time="43.051" errors="0" timestamp="2024-03-01T16:13:58 IST" skipped="0">
  <testcase classname="uiAutomationScripts.VerifySearchFunctionality" name="verifySearchSuggestions" time="16.399"/>
  <testcase classname="uiAutomationScripts.VerifySearchFunctionality" name="verifyAccuracyAndRelevanceOfSearchResults" time="26.652"/>
</testsuite> <!-- uiAutomationScripts.VerifySearchFunctionality -->
