<?xml version="1.0" encoding="UTF-8"?>
<!-- Generated by org.testng.reporters.JUnitReportReporter -->
<testsuite hostname="DESKTOP-VO6VRJI" failures="0" tests="1" name="uiAutomationScripts.VerifyCheckoutProcess" time="58.561" errors="0" timestamp="2024-03-01T16:13:58 IST" skipped="0">
  <testcase classname="uiAutomationScripts.VerifyCheckoutProcess" name="verifySuccessfullAccountCreation" time="58.561"/>
</testsuite> <!-- uiAutomationScripts.VerifyCheckoutProcess -->
